Traceback (most recent call last):
  File "C:\Users\Admin\Desktop\Gom\gom-ai\app\google_lens_service.py", line 30, in search_google_lens
    driver = setup_driver()
  File "C:\Users\Admin\Desktop\Gom\gom-ai\app\google_lens_service.py", line 17, in setup_driver
    driver = uc.Chrome(options=options)
  File "C:\Users\Admin\AppData\Local\Programs\Python\Python314\Lib\site-packages\undetected_chromedriver\__init__.py", line 466, in __init__
    super(Chrome, self).__init__(
    ~~~~~~~~~~~~~~~~~~~~~~~~~~~~^
        service=service,
        ^^^^^^^^^^^^^^^^
        options=options,
        ^^^^^^^^^^^^^^^^
        keep_alive=keep_alive,
        ^^^^^^^^^^^^^^^^^^^^^^
    )
    ^
  File "C:\Users\Admin\AppData\Local\Programs\Python\Python314\Lib\site-packages\selenium\webdriver\chrome\webdriver.py", line 45, in __init__
    super().__init__(
    ~~~~~~~~~~~~~~~~^
        browser_name=DesiredCapabilities.CHROME["browserName"],
        ^^^^^^^^^^^^^^^^^^^^^^^^^^^^^^^^^^^^^^^^^^^^^^^^^^^^^^^
    ...<3 lines>...
        keep_alive=keep_alive,
        ^^^^^^^^^^^^^^^^^^^^^^
    )
    ^
  File "C:\Users\Admin\AppData\Local\Programs\Python\Python314\Lib\site-packages\selenium\webdriver\chromium\webdriver.py", line 66, in __init__
    super().__init__(command_executor=executor, options=self.options)
    ~~~~~~~~~~~~~~~~^^^^^^^^^^^^^^^^^^^^^^^^^^^^^^^^^^^^^^^^^^^^^^^^^
  File "C:\Users\Admin\AppData\Local\Programs\Python\Python314\Lib\site-packages\selenium\webdriver\common\webdriver.py", line 25, in __init__
    super().__init__(*args, **kwargs)
    ~~~~~~~~~~~~~~~~^^^^^^^^^^^^^^^^^
  File "C:\Users\Admin\AppData\Local\Programs\Python\Python314\Lib\site-packages\selenium\webdriver\remote\webdriver.py", line 276, in __init__
    self.start_session(capabilities)
    ~~~~~~~~~~~~~~~~~~^^^^^^^^^^^^^^
  File "C:\Users\Admin\AppData\Local\Programs\Python\Python314\Lib\site-packages\undetected_chromedriver\__init__.py", line 724, in start_session
    super(selenium.webdriver.chrome.webdriver.WebDriver, self).start_session(
    ~~~~~~~~~~~~~~~~~~~~~~~~~~~~~~~~~~~~~~~~~~~~~~~~~~~~~~~~~~~~~~~~~~~~~~~~^
        capabilities
        ^^^^^^^^^^^^
    )
    ^
  File "C:\Users\Admin\AppData\Local\Programs\Python\Python314\Lib\site-packages\selenium\webdriver\remote\webdriver.py", line 372, in start_session
    response = self.execute(Command.NEW_SESSION, caps)["value"]
               ~~~~~~~~~~~~^^^^^^^^^^^^^^^^^^^^^^^^^^^
  File "C:\Users\Admin\AppData\Local\Programs\Python\Python314\Lib\site-packages\selenium\webdriver\remote\webdriver.py", line 468, in execute
    self.error_handler.check_response(response)
    ~~~~~~~~~~~~~~~~~~~~~~~~~~~~~~~~~^^^^^^^^^^
  File "C:\Users\Admin\AppData\Local\Programs\Python\Python314\Lib\site-packages\selenium\webdriver\remote\errorhandler.py", line 232, in check_response
    raise exception_class(message, screen, stacktrace)
selenium.common.exceptions.SessionNotCreatedException: Message: session not created: cannot connect to chrome at 127.0.0.1:61673
from session not created: This version of ChromeDriver only supports Chrome version 148
Current browser version is 147.0.7727.138; For documentation on this error, please visit: https://www.selenium.dev/documentation/webdriver/troubleshooting/errors#sessionnotcreatedexception
Stacktrace:
	undetected_chromedriver!GetHandleVerifier [0x1227123+10a23]
	undetected_chromedriver!GetHandleVerifier [0x1227254+10b54]
	undetected_chromedriver!(No symbol) [0x1041e90]
	undetected_chromedriver!(No symbol) [0x107dd02]
	undetected_chromedriver!(No symbol) [0x107cd3c]
	undetected_chromedriver!(No symbol) [0x1072e15]
	undetected_chromedriver!(No symbol) [0x1072c36]
	undetected_chromedriver!(No symbol) [0x10b949f]
	undetected_chromedriver!(No symbol) [0x10b8cb7]
	undetected_chromedriver!(No symbol) [0x10ad526]
	undetected_chromedriver!(No symbol) [0x10808f9]
	undetected_chromedriver!(No symbol) [0x10816b4]
	undetected_chromedriver!GetHandleVerifier [0x14c1ac4+2ab3c4]
	undetected_chromedriver!GetHandleVerifier [0x14bd0ed+2a69ed]
	undetected_chromedriver!GetHandleVerifier [0x14de4f5+2c7df5]
	undetected_chromedriver!GetHandleVerifier [0x1241128+2aa28]
	undetected_chromedriver!GetHandleVerifier [0x1248bbd+324bd]
	undetected_chromedriver!GetHandleVerifier [0x122fb28+19428]
	undetected_chromedriver!GetHandleVerifier [0x122fcd5+195d5]
	undetected_chromedriver!GetHandleVerifier [0x12191cf+2acf]
	KERNEL32!BaseThreadInitThunk [0x75715d49+19]
	ntdll!RtlInitializeExceptionChain [0x7723d83b+6b]
	ntdll!RtlGetAppContainerNamedObjectPath [0x7723d7c1+231]

